<html>
<head>
<title>Test-project build log</title>
<meta http-equiv="Content-Type" content="text/html; charset=utf-8" /></head>
<body>
<tt>
Build started on: <u>14-08-2025 at 16:42.04</u><br />
Build ended on: <u>14-08-2025 at 16:42.04</u><p />
<b>-------------- Build: Debug in Test-project (compiler: GNU GCC Compiler)---------------</b><br />
gcc.exe -Wall -g -std=c99 -pedantic -Wextra -Wall  -c C:\Users\rgrme\OneDrive\Dokumenty\GitHub\skills-introduction-to-github\Test-project\main.c -o obj\Debug\main.o<br />
C:\Users\rgrme\OneDrive\Dokumenty\GitHub\skills-introduction-to-github\Test-project\main.c: In function 'main':<br />
<font color="#ff0000">C:\Users\rgrme\OneDrive\Dokumenty\GitHub\skills-introduction-to-github\Test-project\main.c:41:3: error: unknown type name 'fail'</font><br />
   fail in main<br />
   ^~~~<br />
<font color="#ff0000">C:\Users\rgrme\OneDrive\Dokumenty\GitHub\skills-introduction-to-github\Test-project\main.c:41:11: error: expected '=', ',', ';', 'asm' or '__attribute__' before 'main'</font><br />
   fail in main<br />
           ^~~~<br />
<font color="#a00000">Process terminated with status 1 (0 minute(s), 0 second(s))</font><br />
<font color="#a00000">2 error(s), 0 warning(s) (0 minute(s), 0 second(s))</font><br />
</tt>
</body>
</html>
